2021-12-08 14:28:29.615  INFO 85995 --- [main] com.example.backend.BackendApplication   : Starting BackendApplication using Java 14.0.2 on Bojans-MacBook-Air.local with PID 85995 (/Users/bojan/Desktop/informacioniSistemi/backend/target/classes started by bojan in /Users/bojan/Desktop/informacioniSistemi)
2021-12-08 14:28:29.618  INFO 85995 --- [main] com.example.backend.BackendApplication   : No active profile set, falling back to default profiles: default
2021-12-08 14:28:31.060  INFO 85995 --- [main] .s.d.r.c.RepositoryConfigurationDelegate : Bootstrapping Spring Data JPA repositories in DEFAULT mode.
2021-12-08 14:28:31.210  INFO 85995 --- [main] .s.d.r.c.RepositoryConfigurationDelegate : Finished Spring Data repository scanning in 121 ms. Found 1 JPA repository interfaces.
2021-12-08 14:28:32.299  INFO 85995 --- [main] o.s.b.w.embedded.tomcat.TomcatWebServer  : Tomcat initialized with port(s): 8080 (http)
2021-12-08 14:28:32.319  INFO 85995 --- [main] o.apache.catalina.core.StandardService   : Starting service [Tomcat]
2021-12-08 14:28:32.320  INFO 85995 --- [main] org.apache.catalina.core.StandardEngine  : Starting Servlet engine: [Apache Tomcat/9.0.55]
2021-12-08 14:28:32.500  INFO 85995 --- [main] o.a.c.c.C.[Tomcat].[localhost].[/]       : Initializing Spring embedded WebApplicationContext
2021-12-08 14:28:32.500  INFO 85995 --- [main] w.s.c.ServletWebServerApplicationContext : Root WebApplicationContext: initialization completed in 2780 ms
2021-12-08 14:28:32.805  INFO 85995 --- [main] com.zaxxer.hikari.HikariDataSource       : HikariPool-1 - Starting...
2021-12-08 14:28:33.806  INFO 85995 --- [main] com.zaxxer.hikari.HikariDataSource       : HikariPool-1 - Start completed.
2021-12-08 14:28:33.903  INFO 85995 --- [main] o.hibernate.jpa.internal.util.LogHelper  : HHH000204: Processing PersistenceUnitInfo [name: default]
2021-12-08 14:28:34.064  INFO 85995 --- [main] org.hibernate.Version                    : HHH000412: Hibernate ORM core version 5.6.1.Final
2021-12-08 14:28:34.498  INFO 85995 --- [main] o.hibernate.annotations.common.Version   : HCANN000001: Hibernate Commons Annotations {5.1.2.Final}
2021-12-08 14:28:34.853  INFO 85995 --- [main] org.hibernate.dialect.Dialect            : HHH000400: Using dialect: org.hibernate.dialect.MySQL8Dialect
2021-12-08 14:28:36.341  INFO 85995 --- [main] o.h.e.t.j.p.i.JtaPlatformInitiator       : HHH000490: Using JtaPlatform implementation: [org.hibernate.engine.transaction.jta.platform.internal.NoJtaPlatform]
2021-12-08 14:28:36.378  INFO 85995 --- [main] j.LocalContainerEntityManagerFactoryBean : Initialized JPA EntityManagerFactory for persistence unit 'default'
2021-12-08 14:28:37.141  WARN 85995 --- [main] JpaBaseConfiguration$JpaWebConfiguration : spring.jpa.open-in-view is enabled by default. Therefore, database queries may be performed during view rendering. Explicitly configure spring.jpa.open-in-view to disable this warning
2021-12-08 14:28:37.844  INFO 85995 --- [main] o.s.b.w.embedded.tomcat.TomcatWebServer  : Tomcat started on port(s): 8080 (http) with context path ''
2021-12-08 14:28:37.865  INFO 85995 --- [main] com.example.backend.BackendApplication   : Started BackendApplication in 8.979 seconds (JVM running for 15.403)
2021-12-08 14:29:38.211  INFO 85995 --- [SpringApplicationShutdownHook] j.LocalContainerEntityManagerFactoryBean : Closing JPA EntityManagerFactory for persistence unit 'default'
2021-12-08 14:29:38.215  INFO 85995 --- [SpringApplicationShutdownHook] com.zaxxer.hikari.HikariDataSource       : HikariPool-1 - Shutdown initiated...
2021-12-08 14:29:38.227  INFO 85995 --- [SpringApplicationShutdownHook] com.zaxxer.hikari.HikariDataSource       : HikariPool-1 - Shutdown completed.
